{"name": "test_search_with_Invalid_input", "status": "failed", "statusDetails": {"message": "AssertionError: assert False\n +  where False = invalid_search_result_status('There is no product that matches++ the search criteria.')\n +    where invalid_search_result_status = <pom.SearchPage.SearchPage object at 0x0000022CD4414510>.invalid_search_result_status", "trace": "self = <tests.test_Search.TestSearch object at 0x0000022CD43A0550>\n\n    def test_search_with_Invalid_input(self):\n        home_page = HomePage(self.driver)\n        search_page=home_page.search_product(\"Honda\")\n        expected_text = \"There is no product that matches++ the search criteria.\"\n>       assert search_page.invalid_search_result_status(expected_text)\nE       AssertionError: assert False\nE        +  where False = invalid_search_result_status('There is no product that matches++ the search criteria.')\nE        +    where invalid_search_result_status = <pom.SearchPage.SearchPage object at 0x0000022CD4414510>.invalid_search_result_status\n\ntests\\test_Search.py:20: AssertionError"}, "start": 1758948630302, "stop": 1758948630888, "uuid": "e7f47fb9-73e0-44f0-8171-8daea7a7d0fb", "historyId": "44a3b4c511466ef676145aa5e3ac197d", "testCaseId": "44a3b4c511466ef676145aa5e3ac197d", "fullName": "tests.test_Search.TestSearch#test_search_with_Invalid_input", "labels": [{"name": "parentSuite", "value": "tests"}, {"name": "suite", "value": "test_Search"}, {"name": "subSuite", "value": "TestSearch"}, {"name": "host", "value": "DESKTOP-PQJ2IUR"}, {"name": "thread", "value": "12224-MainThread"}, {"name": "framework", "value": "pytest"}, {"name": "language", "value": "cpython3"}, {"name": "package", "value": "tests.test_Search"}], "titlePath": ["tests", "test_Search.py", "TestSearch"]}